{"endpoint":"/api/auth/signin","ip":"::1","level":"info","message":"Authentication Attempt","method":"POST","timestamp":"2025-03-05 11:13:38","userEmail":"hi@gmail.com"}
{"level":"info","message":"User logged in: hi@gmail.com","timestamp":"2025-03-05 11:13:38"}
{"level":"error","message":"Enable 2FA error: sendResponse is not defined","timestamp":"2025-03-05 11:16:22"}
{"level":"error","message":"2FA verification error: Cast to ObjectId failed for value \"hi@gmail.com\" (type string) at path \"_id\" for model \"User\"","timestamp":"2025-03-05 11:28:09"}
{"level":"warn","message":"2FA verification attempt with incomplete data","timestamp":"2025-03-05 11:32:07"}
{"level":"error","message":"2FA verification error: User ID and token are required","timestamp":"2025-03-05 11:32:07"}
{"level":"error","message":"2FA verification error: Cast to ObjectId failed for value \"hi@gmail.com\" (type string) at path \"_id\" for model \"User\"","timestamp":"2025-03-05 11:32:23"}
{"level":"warn","message":"2FA verification attempt with incomplete data","timestamp":"2025-03-05 11:35:59"}
{"level":"error","message":"2FA verification error: Email and token are required","timestamp":"2025-03-05 11:35:59"}
{"level":"error","message":"2FA verification error: UnauthorizedError is not defined","timestamp":"2025-03-05 11:36:11"}
{"endpoint":"/api/auth/signin","ip":"::1","level":"info","message":"Authentication Attempt","method":"POST","timestamp":"2025-03-05 11:37:11","userEmail":"hi@gmail.com"}
{"level":"error","message":"Signin error: Invalid credentials","timestamp":"2025-03-05 11:37:11"}
{"endpoint":"/api/auth/signup","ip":"::1","level":"info","message":"Authentication Attempt","method":"POST","timestamp":"2025-03-05 11:37:36","userEmail":"hi@gmail.com"}
{"level":"error","message":"Signup error: User already Exists","timestamp":"2025-03-05 11:37:36"}
{"endpoint":"/api/auth/signup","ip":"::1","level":"info","message":"Authentication Attempt","method":"POST","timestamp":"2025-03-05 11:37:40","userEmail":"hii@gmail.com"}
{"level":"info","message":"User signed up: hii@gmail.com","timestamp":"2025-03-05 11:37:40"}
{"endpoint":"/api/auth/signin","ip":"::1","level":"info","message":"Authentication Attempt","method":"POST","timestamp":"2025-03-05 11:37:48","userEmail":"hii@gmail.com"}
{"level":"info","message":"User logged in: hii@gmail.com","timestamp":"2025-03-05 11:37:48"}
{"level":"error","message":"2FA setup verification error: Invalid or expired verification code","timestamp":"2025-03-05 11:39:14"}
{"level":"error","message":"2FA setup verification error: Invalid or expired verification code","timestamp":"2025-03-05 11:39:21"}
{"level":"error","message":"2FA verification error: UnauthorizedError is not defined","timestamp":"2025-03-05 11:40:48"}
{"level":"error","message":"2FA verification error: UnauthorizedError is not defined","timestamp":"2025-03-05 11:49:50"}
{"level":"error","message":"2FA verification error: Invalid or expired verification code","timestamp":"2025-03-05 11:52:47"}
{"endpoint":"/api/auth/signin","ip":"::1","level":"info","message":"Authentication Attempt","method":"POST","timestamp":"2025-03-05 11:53:53","userEmail":"hii@gmail.com"}
{"level":"error","message":"Signin error: Invalid credentials","timestamp":"2025-03-05 11:53:53"}
{"endpoint":"/api/auth/signup","ip":"::1","level":"info","message":"Authentication Attempt","method":"POST","timestamp":"2025-03-05 11:54:27","userEmail":"hii@gmail.com"}
{"level":"error","message":"Signup error: User already Exists","timestamp":"2025-03-05 11:54:27"}
{"endpoint":"/api/auth/signup","ip":"::1","level":"info","message":"Authentication Attempt","method":"POST","timestamp":"2025-03-05 11:54:35","userEmail":"hii@gmail.com"}
{"level":"error","message":"Signup error: User already Exists","timestamp":"2025-03-05 11:54:35"}
{"endpoint":"/api/auth/signin","ip":"::1","level":"info","message":"Authentication Attempt","method":"POST","timestamp":"2025-03-05 11:54:39","userEmail":"hii@gmail.com"}
{"level":"error","message":"Signin error: Invalid credentials","timestamp":"2025-03-05 11:54:39"}
{"endpoint":"/api/auth/signup","ip":"::1","level":"info","message":"Authentication Attempt","method":"POST","timestamp":"2025-03-05 11:54:48","userEmail":"hiii@gmail.com"}
{"level":"info","message":"User signed up: hiii@gmail.com","timestamp":"2025-03-05 11:54:49"}
{"endpoint":"/api/auth/signin","ip":"::1","level":"info","message":"Authentication Attempt","method":"POST","timestamp":"2025-03-05 11:54:57","userEmail":"hiii@gmail.com"}
{"level":"info","message":"User logged in: hiii@gmail.com","timestamp":"2025-03-05 11:54:57"}
{"level":"error","message":"2FA verification error: Invalid or expired verification code","timestamp":"2025-03-05 11:57:01"}
{"endpoint":"/api/auth/signup","ip":"::1","level":"info","message":"Authentication Attempt","method":"POST","timestamp":"2025-03-05 13:08:30","userEmail":"hiioi@gmail.com"}
{"endpoint":"/api/auth/signup","ip":"::1","level":"info","message":"Authentication Attempt","method":"POST","timestamp":"2025-03-05 13:10:52","userEmail":"hiiiii@gmail.com"}
{"endpoint":"/api/auth/signup","ip":"::1","level":"info","message":"Authentication Attempt","method":"POST","timestamp":"2025-03-05 13:12:25","userEmail":"hiiiii@gmail.com"}
{"body":{"email":"hiiiii@gmail.com","fullName":"Hello","password":"4962dhd58","role":""},"level":"error","message":"Server error: User validation failed: role: `` is not a valid enum value for path `role`.","method":"POST","params":{},"path":"/signup","stack":"ValidationError: User validation failed: role: `` is not a valid enum value for path `role`.\n    at Document.invalidate (/Users/yash/Desktop/Excollo-Projects/Crudo-OMS/backend/node_modules/mongoose/lib/document.js:3329:32)\n    at /Users/yash/Desktop/Excollo-Projects/Crudo-OMS/backend/node_modules/mongoose/lib/document.js:3090:17\n    at /Users/yash/Desktop/Excollo-Projects/Crudo-OMS/backend/node_modules/mongoose/lib/schemaType.js:1407:9\n    at process.processTicksAndRejections (node:internal/process/task_queues:77:11)","timestamp":"2025-03-05 13:12:26"}
{"endpoint":"/api/auth/signup","ip":"::1","level":"info","message":"Authentication Attempt","method":"POST","timestamp":"2025-03-05 13:14:45","userEmail":"hiiiii@gmail.com"}
{"body":{"email":"hiiiii@gmail.com","fullName":"Hello","password":"4962dhd58","role":""},"level":"error","message":"Server error: User validation failed: role: `` is not a valid enum value for path `role`.","method":"POST","params":{},"path":"/signup","stack":"ValidationError: User validation failed: role: `` is not a valid enum value for path `role`.\n    at Document.invalidate (/Users/yash/Desktop/Excollo-Projects/Crudo-OMS/backend/node_modules/mongoose/lib/document.js:3329:32)\n    at /Users/yash/Desktop/Excollo-Projects/Crudo-OMS/backend/node_modules/mongoose/lib/document.js:3090:17\n    at /Users/yash/Desktop/Excollo-Projects/Crudo-OMS/backend/node_modules/mongoose/lib/schemaType.js:1407:9\n    at process.processTicksAndRejections (node:internal/process/task_queues:77:11)","timestamp":"2025-03-05 13:14:45"}
{"endpoint":"/api/auth/signup","ip":"::1","level":"info","message":"Authentication Attempt","method":"POST","timestamp":"2025-03-05 13:15:08","userEmail":"hiiiii@gmail.com"}
{"level":"info","message":"User signed up: hiiiii@gmail.com","timestamp":"2025-03-05 13:15:08"}
{"body":{"email":"hiiiii@gmail.com","fullName":"Hello","password":"4962dhd58","role":"admin"},"level":"error","message":"Server error: sendResponse is not a function","method":"POST","params":{},"path":"/signup","stack":"TypeError: sendResponse is not a function\n    at signup (/Users/yash/Desktop/Excollo-Projects/Crudo-OMS/backend/src/controllers/authController.js:11:7)\n    at process.processTicksAndRejections (node:internal/process/task_queues:95:5)","timestamp":"2025-03-05 13:15:08"}
{"endpoint":"/api/auth/signup","ip":"::1","level":"info","message":"Authentication Attempt","method":"POST","timestamp":"2025-03-05 13:16:30","userEmail":"hiiiii@gmail.com"}
{"body":{"email":"hiiiii@gmail.com","fullName":"Hello","password":"4962dhd58","role":""},"level":"error","message":"Server error: User already exists","method":"POST","params":{},"path":"/signup","stack":"ConflictError: User already exists\n    at Object.signup (/Users/yash/Desktop/Excollo-Projects/Crudo-OMS/backend/src/services/authService.js:11:25)\n    at process.processTicksAndRejections (node:internal/process/task_queues:95:5)\n    at async signup (/Users/yash/Desktop/Excollo-Projects/Crudo-OMS/backend/src/controllers/authController.js:9:20)","timestamp":"2025-03-05 13:16:31"}
{"endpoint":"/api/auth/signup","ip":"::1","level":"info","message":"Authentication Attempt","method":"POST","timestamp":"2025-03-05 13:16:46","userEmail":"hiioi@gmail.com"}
{"body":{"email":"hiioi@gmail.com","fullName":"Hello","password":"4962dhd58","role":""},"level":"error","message":"Server error: User validation failed: role: `` is not a valid enum value for path `role`.","method":"POST","params":{},"path":"/signup","stack":"ValidationError: User validation failed: role: `` is not a valid enum value for path `role`.\n    at Document.invalidate (/Users/yash/Desktop/Excollo-Projects/Crudo-OMS/backend/node_modules/mongoose/lib/document.js:3329:32)\n    at /Users/yash/Desktop/Excollo-Projects/Crudo-OMS/backend/node_modules/mongoose/lib/document.js:3090:17\n    at /Users/yash/Desktop/Excollo-Projects/Crudo-OMS/backend/node_modules/mongoose/lib/schemaType.js:1407:9\n    at process.processTicksAndRejections (node:internal/process/task_queues:77:11)","timestamp":"2025-03-05 13:16:46"}
{"endpoint":"/api/auth/signup","ip":"::1","level":"info","message":"Authentication Attempt","method":"POST","timestamp":"2025-03-05 13:17:33","userEmail":"hiioi@gmail.com"}
{"level":"info","message":"User signed up: hiioi@gmail.com","timestamp":"2025-03-05 13:17:34"}
{"body":{"email":"hiioi@gmail.com","fullName":"Hello","password":"4962dhd58","role":"admin"},"level":"error","message":"Server error: sendResponse is not a function","method":"POST","params":{},"path":"/signup","stack":"TypeError: sendResponse is not a function\n    at signup (/Users/yash/Desktop/Excollo-Projects/Crudo-OMS/backend/src/controllers/authController.js:11:7)\n    at process.processTicksAndRejections (node:internal/process/task_queues:95:5)","timestamp":"2025-03-05 13:17:34"}
{"endpoint":"/api/auth/signup","ip":"::1","level":"info","message":"Authentication Attempt","method":"POST","timestamp":"2025-03-05 13:22:27","userEmail":"hiioi@gmail.com"}
{"body":{"email":"hiioi@gmail.com","fullName":"Hello","password":"4962dhd58","role":"admin"},"level":"error","message":"Server error: User already exists","method":"POST","params":{},"path":"/signup","stack":"ConflictError: User already exists\n    at Object.signup (/Users/yash/Desktop/Excollo-Projects/Crudo-OMS/backend/src/services/authService.js:15:25)\n    at process.processTicksAndRejections (node:internal/process/task_queues:95:5)\n    at async signup (/Users/yash/Desktop/Excollo-Projects/Crudo-OMS/backend/src/controllers/authController.js:9:20)","timestamp":"2025-03-05 13:22:27"}
{"endpoint":"/api/auth/signup","ip":"::1","level":"info","message":"Authentication Attempt","method":"POST","timestamp":"2025-03-05 13:22:42","userEmail":"hiioi@gmail.com"}
{"level":"error","message":"Signup error: User already exists","timestamp":"2025-03-05 13:22:42"}
{"endpoint":"/api/auth/signup","ip":"::1","level":"info","message":"Authentication Attempt","method":"POST","timestamp":"2025-03-05 13:22:47","userEmail":"hiiiii@gmail.com"}
{"level":"error","message":"Signup error: User already exists","timestamp":"2025-03-05 13:22:47"}
{"endpoint":"/api/auth/signup","ip":"::1","level":"info","message":"Authentication Attempt","method":"POST","timestamp":"2025-03-05 13:22:54","userEmail":"hiiiiiii@gmail.com"}
{"level":"info","message":"User signed up: hiiiiiii@gmail.com","timestamp":"2025-03-05 13:22:54"}
{"endpoint":"/api/auth/signup","ip":"::1","level":"info","message":"Authentication Attempt","method":"POST","timestamp":"2025-03-05 13:23:22","userEmail":"hiiiiiiii@gmail.com"}
{"level":"info","message":"User signed up: hiiiiiiii@gmail.com","timestamp":"2025-03-05 13:23:22"}
{"body":{"email":"hiiiiiiii@gmail.com","fullName":"Hello","password":"4962dhd58","role":"admin"},"level":"error","message":"Server error: sendResponse is not a function","method":"POST","params":{},"path":"/signup","stack":"TypeError: sendResponse is not a function\n    at signup (/Users/yash/Desktop/Excollo-Projects/Crudo-OMS/backend/src/controllers/authController.js:11:7)\n    at process.processTicksAndRejections (node:internal/process/task_queues:95:5)","timestamp":"2025-03-05 13:23:22"}
{"endpoint":"/api/auth/signup","ip":"::1","level":"info","message":"Authentication Attempt","method":"POST","timestamp":"2025-03-05 13:23:52","userEmail":"hiiiiiiii@gmail.com"}
{"body":{"email":"hiiiiiiii@gmail.com","fullName":"Hello","password":"4962dhd58","role":"admin"},"level":"error","message":"Server error: User already exists","method":"POST","params":{},"path":"/signup","stack":"ConflictError: User already exists\n    at Object.signup (/Users/yash/Desktop/Excollo-Projects/Crudo-OMS/backend/src/services/authService.js:15:25)\n    at process.processTicksAndRejections (node:internal/process/task_queues:95:5)\n    at async signup (/Users/yash/Desktop/Excollo-Projects/Crudo-OMS/backend/src/controllers/authController.js:17:20)","timestamp":"2025-03-05 13:23:52"}
{"endpoint":"/api/auth/signup","ip":"::1","level":"info","message":"Authentication Attempt","method":"POST","timestamp":"2025-03-05 13:23:56","userEmail":"hiiiiiiiiii@gmail.com"}
{"level":"info","message":"User signed up: hiiiiiiiiii@gmail.com","timestamp":"2025-03-05 13:23:56"}
{"endpoint":"/api/auth/signin","ip":"::1","level":"info","message":"Authentication Attempt","method":"POST","timestamp":"2025-03-05 13:24:19","userEmail":"hiiiiiiiiii@gmail.com"}
{"level":"info","message":"User logged in: hiiiiiiiiii@gmail.com","timestamp":"2025-03-05 13:24:19","userId":"67c80314c837fbab69d1d744"}
{"endpoint":"/api/auth/signin","ip":"::1","level":"info","message":"Authentication Attempt","method":"POST","timestamp":"2025-03-05 13:29:03","userEmail":"hiiiiiiiiii@gmail.com"}
{"level":"info","message":"User logged in: hiiiiiiiiii@gmail.com","timestamp":"2025-03-05 13:29:03","userId":"67c80314c837fbab69d1d744"}
{"body":{"email":"hiiiiiiiiii@gmail.com","password":"4962dhd58"},"level":"error","message":"Server error: sendResponse is not a function","method":"POST","params":{},"path":"/signin","stack":"TypeError: sendResponse is not a function\n    at signin (/Users/yash/Desktop/Excollo-Projects/Crudo-OMS/backend/src/controllers/authController.js:35:6)","timestamp":"2025-03-05 13:29:03"}
{"endpoint":"/api/auth/signin","ip":"::1","level":"info","message":"Authentication Attempt","method":"POST","timestamp":"2025-03-05 13:29:22","userEmail":"hiiiiiiiiii@gmail.com"}
{"level":"info","message":"User logged in: hiiiiiiiiii@gmail.com","timestamp":"2025-03-05 13:29:22","userId":"67c80314c837fbab69d1d744"}
{"endpoint":"/api/auth/signin","ip":"::1","level":"info","message":"Authentication Attempt","method":"POST","timestamp":"2025-03-05 13:29:39","userEmail":"hiiiiiiiiii@gmail.com"}
{"level":"info","message":"User logged in: hiiiiiiiiii@gmail.com","timestamp":"2025-03-05 13:29:39","userId":"67c80314c837fbab69d1d744"}
{"endpoint":"/api/auth/signup","ip":"::1","level":"info","message":"Authentication Attempt","method":"POST","timestamp":"2025-03-05 13:29:58","userEmail":"hiiiiiiiiiiii@gmail.com"}
{"level":"info","message":"User signed up: hiiiiiiiiiiii@gmail.com","timestamp":"2025-03-05 13:29:58"}
{"endpoint":"/api/auth/signup","ip":"::1","level":"info","message":"Authentication Attempt","method":"POST","timestamp":"2025-03-05 13:33:56","userEmail":"hiiiiiiiiiiiiiii@gmail.com"}
{"email":"hiiiiiiiiiiiiiii@gmail.com","level":"info","message":"User signed up","timestamp":"2025-03-05 13:33:56","userId":"67c8056c83173396104e80b3"}
{"body":{"email":"hiiiiiiiiiiiiiii@gmail.com","fullName":"hello","password":"4962dhd58","role":"admin"},"level":"error","message":"Server error: sendResponse is not defined","method":"POST","params":{},"path":"/signup","stack":"ReferenceError: sendResponse is not defined\n    at handleAuthResponse (/Users/yash/Desktop/Excollo-Projects/Crudo-OMS/backend/src/controllers/authController.js:8:3)\n    at signup (/Users/yash/Desktop/Excollo-Projects/Crudo-OMS/backend/src/controllers/authController.js:25:5)\n    at process.processTicksAndRejections (node:internal/process/task_queues:95:5)","timestamp":"2025-03-05 13:33:56"}
{"endpoint":"/api/auth/signup","ip":"::1","level":"info","message":"Authentication Attempt","method":"POST","timestamp":"2025-03-05 14:28:54","userEmail":"hiiiiiiiiiiiiiiiiii@gmail.com"}
{"body":{"email":"hiiiiiiiiiiiiiiiiii@gmail.com","fullName":"hello","password":"4962dhd58","role":""},"level":"error","message":"Server error: User validation failed: fullName: Path `fullName` is required.","method":"POST","params":{},"path":"/signup","stack":"ValidationError: User validation failed: fullName: Path `fullName` is required.\n    at Document.invalidate (/Users/yash/Desktop/Excollo-Projects/Crudo-OMS/backend/node_modules/mongoose/lib/document.js:3329:32)\n    at /Users/yash/Desktop/Excollo-Projects/Crudo-OMS/backend/node_modules/mongoose/lib/document.js:3090:17\n    at /Users/yash/Desktop/Excollo-Projects/Crudo-OMS/backend/node_modules/mongoose/lib/schemaType.js:1407:9\n    at process.processTicksAndRejections (node:internal/process/task_queues:77:11)","timestamp":"2025-03-05 14:28:54"}
{"endpoint":"/api/auth/signup","ip":"::1","level":"info","message":"Authentication Attempt","method":"POST","timestamp":"2025-03-05 14:29:52","userEmail":"hiiiiiiiiiiiiiiiiii@gmail.com"}
{"level":"info","message":"User signed up: hiiiiiiiiiiiiiiiiii@gmail.com","timestamp":"2025-03-05 14:29:52"}
{"endpoint":"/api/auth/signin","ip":"::1","level":"info","message":"Authentication Attempt","method":"POST","timestamp":"2025-03-05 14:30:19","userEmail":"hiiiiiiiiiiiiiiiiii@gmail.com"}
{"body":{"email":"hiiiiiiiiiiiiiiiiii@gmail.com","password":"4962dhd58"},"level":"warn","message":"Unauthorized: Invalid credentials","method":"POST","params":{},"path":"/signin","stack":"UnauthorizedError: Invalid credentials\n    at Object.signin (/Users/yash/Desktop/Excollo-Projects/Crudo-OMS/backend/src/services/authService.js:33:11)\n    at async signin (/Users/yash/Desktop/Excollo-Projects/Crudo-OMS/backend/src/controllers/authController.js:20:21)","timestamp":"2025-03-05 14:30:19"}
{"endpoint":"/api/auth/signin","ip":"::1","level":"info","message":"Authentication Attempt","method":"POST","timestamp":"2025-03-05 14:31:03","userEmail":"hiiiiiiiiiiiiiiiiii@gmail.com"}
{"body":{"email":"hiiiiiiiiiiiiiiiiii@gmail.com","password":"4962dhd58"},"level":"warn","message":"Unauthorized: Invalid credentials","method":"POST","params":{},"path":"/signin","stack":"UnauthorizedError: Invalid credentials\n    at Object.signin (/Users/yash/Desktop/Excollo-Projects/Crudo-OMS/backend/src/services/authService.js:33:11)\n    at async signin (/Users/yash/Desktop/Excollo-Projects/Crudo-OMS/backend/src/controllers/authController.js:20:21)","timestamp":"2025-03-05 14:31:03"}
{"endpoint":"/api/auth/signin","ip":"::1","level":"info","message":"Authentication Attempt","method":"POST","timestamp":"2025-03-05 14:32:22","userEmail":"hiiiiiiiiiiiiiiiiii@gmail.com"}
{"body":{"email":"hiiiiiiiiiiiiiiiiii@gmail.com","password":"4962dhd58"},"level":"error","message":"Server error: Invalid credentials","method":"POST","params":{},"path":"/signin","stack":"Error: Invalid credentials\n    at Object.signin (/Users/yash/Desktop/Excollo-Projects/Crudo-OMS/backend/src/services/authService.js:24:23)\n    at async signin (/Users/yash/Desktop/Excollo-Projects/Crudo-OMS/backend/src/controllers/authController.js:20:21)","timestamp":"2025-03-05 14:32:22"}
{"endpoint":"/api/auth/signin","ip":"::1","level":"info","message":"Authentication Attempt","method":"POST","timestamp":"2025-03-05 14:32:43","userEmail":"hiiiiiiiiiiiiiiiiii@gmail.com"}
{"body":{"email":"hiiiiiiiiiiiiiiiiii@gmail.com","password":"4962dhd58"},"level":"error","message":"Server error: Invalid credentials","method":"POST","params":{},"path":"/signin","stack":"Error: Invalid credentials\n    at Object.signin (/Users/yash/Desktop/Excollo-Projects/Crudo-OMS/backend/src/services/authService.js:20:23)\n    at async signin (/Users/yash/Desktop/Excollo-Projects/Crudo-OMS/backend/src/controllers/authController.js:20:21)","timestamp":"2025-03-05 14:32:43"}
{"endpoint":"/api/auth/signup","ip":"::1","level":"info","message":"Authentication Attempt","method":"POST","timestamp":"2025-03-05 14:32:49","userEmail":"hiiiiiiiiiiiiiiiiiiiii@gmail.com"}
{"body":{"email":"hiiiiiiiiiiiiiiiiiiiii@gmail.com","fullName":"","password":"4962dhd58","role":""},"level":"error","message":"Server error: User validation failed: fullName: Path `fullName` is required., role: `` is not a valid enum value for path `role`.","method":"POST","params":{},"path":"/signup","stack":"ValidationError: User validation failed: fullName: Path `fullName` is required., role: `` is not a valid enum value for path `role`.\n    at Document.invalidate (/Users/yash/Desktop/Excollo-Projects/Crudo-OMS/backend/node_modules/mongoose/lib/document.js:3329:32)\n    at /Users/yash/Desktop/Excollo-Projects/Crudo-OMS/backend/node_modules/mongoose/lib/document.js:3090:17\n    at /Users/yash/Desktop/Excollo-Projects/Crudo-OMS/backend/node_modules/mongoose/lib/schemaType.js:1407:9\n    at process.processTicksAndRejections (node:internal/process/task_queues:77:11)","timestamp":"2025-03-05 14:32:49"}
{"endpoint":"/api/auth/signup","ip":"::1","level":"info","message":"Authentication Attempt","method":"POST","timestamp":"2025-03-05 14:33:04","userEmail":"hiiiiiiiiiiiiiiiiiiiii@gmail.com"}
{"body":{"email":"hiiiiiiiiiiiiiiiiiiiii@gmail.com","fullName":"hello","password":"4962dhd58","role":""},"level":"error","message":"Server error: User validation failed: role: `` is not a valid enum value for path `role`.","method":"POST","params":{},"path":"/signup","stack":"ValidationError: User validation failed: role: `` is not a valid enum value for path `role`.\n    at Document.invalidate (/Users/yash/Desktop/Excollo-Projects/Crudo-OMS/backend/node_modules/mongoose/lib/document.js:3329:32)\n    at /Users/yash/Desktop/Excollo-Projects/Crudo-OMS/backend/node_modules/mongoose/lib/document.js:3090:17\n    at /Users/yash/Desktop/Excollo-Projects/Crudo-OMS/backend/node_modules/mongoose/lib/schemaType.js:1407:9\n    at process.processTicksAndRejections (node:internal/process/task_queues:77:11)","timestamp":"2025-03-05 14:33:04"}
{"endpoint":"/api/auth/signup","ip":"::1","level":"info","message":"Authentication Attempt","method":"POST","timestamp":"2025-03-05 14:33:05","userEmail":"hiiiiiiiiiiiiiiiiiiiii@gmail.com"}
{"body":{"email":"hiiiiiiiiiiiiiiiiiiiii@gmail.com","fullName":"hello","password":"4962dhd58","role":""},"level":"error","message":"Server error: User validation failed: role: `` is not a valid enum value for path `role`.","method":"POST","params":{},"path":"/signup","stack":"ValidationError: User validation failed: role: `` is not a valid enum value for path `role`.\n    at Document.invalidate (/Users/yash/Desktop/Excollo-Projects/Crudo-OMS/backend/node_modules/mongoose/lib/document.js:3329:32)\n    at /Users/yash/Desktop/Excollo-Projects/Crudo-OMS/backend/node_modules/mongoose/lib/document.js:3090:17\n    at /Users/yash/Desktop/Excollo-Projects/Crudo-OMS/backend/node_modules/mongoose/lib/schemaType.js:1407:9\n    at process.processTicksAndRejections (node:internal/process/task_queues:77:11)","timestamp":"2025-03-05 14:33:05"}
{"endpoint":"/api/auth/signup","ip":"::1","level":"info","message":"Authentication Attempt","method":"POST","timestamp":"2025-03-05 14:33:15","userEmail":"hiiiiiiiiiiiiiiiiiiiii@gmail.com"}
{"level":"info","message":"User signed up: hiiiiiiiiiiiiiiiiiiiii@gmail.com","timestamp":"2025-03-05 14:33:15"}
{"endpoint":"/api/auth/signin","ip":"::1","level":"info","message":"Authentication Attempt","method":"POST","timestamp":"2025-03-05 14:33:22","userEmail":"hiiiiiiiiiiiiiiiiiiiii@gmail.com"}
{"level":"info","message":"User logged in: hiiiiiiiiiiiiiiiiiiiii@gmail.com","timestamp":"2025-03-05 14:33:23","userId":"67c81353a734374774322d1c"}
{"endpoint":"/api/auth/signin","ip":"::1","level":"info","message":"Authentication Attempt","method":"POST","timestamp":"2025-03-05 14:35:12","userEmail":"hiiiiiiiiiiiiiiiiiiiii@gmail.com"}
{"level":"info","message":"User logged in: hiiiiiiiiiiiiiiiiiiiii@gmail.com","timestamp":"2025-03-05 14:35:12","userId":"67c81353a734374774322d1c"}
{"endpoint":"/api/auth/signin","ip":"::1","level":"info","message":"Authentication Attempt","method":"POST","timestamp":"2025-03-05 14:35:35","userEmail":"hiiiiiiiiiiiiiiiiiiiii@gmail.com"}
{"level":"info","message":"User logged in: hiiiiiiiiiiiiiiiiiiiii@gmail.com","timestamp":"2025-03-05 14:35:35","userId":"67c81353a734374774322d1c"}
{"endpoint":"/api/auth/signin","ip":"::1","level":"info","message":"Authentication Attempt","method":"POST","timestamp":"2025-03-05 14:36:01","userEmail":"hiiiiiiiiiiiiiiiiiiiii@gmail.com"}
{"level":"info","message":"User logged in: hiiiiiiiiiiiiiiiiiiiii@gmail.com","timestamp":"2025-03-05 14:36:01","userId":"67c81353a734374774322d1c"}
{"endpoint":"/api/auth/signin","ip":"::1","level":"info","message":"Authentication Attempt","method":"POST","timestamp":"2025-03-05 14:39:09","userEmail":"hiiiiiiiiiiiiiiiiiiiii@gmail.com"}
{"level":"info","message":"User logged in: hiiiiiiiiiiiiiiiiiiiii@gmail.com","timestamp":"2025-03-05 14:39:10","userId":"67c81353a734374774322d1c"}
{"endpoint":"/api/auth/signin","ip":"::1","level":"info","message":"Authentication Attempt","method":"POST","timestamp":"2025-03-05 14:43:56","userEmail":"hiiiiiiiiiiiiiiiiiiiii@gmail.com"}
{"level":"info","message":"User logged in: hiiiiiiiiiiiiiiiiiiiii@gmail.com","timestamp":"2025-03-05 14:43:56","userId":"67c81353a734374774322d1c"}
{"endpoint":"/api/auth/signin","ip":"::1","level":"info","message":"Authentication Attempt","method":"POST","timestamp":"2025-03-05 14:44:24","userEmail":"hiiiiiiiiiiiiiiiiiiiii@gmail.com"}
{"level":"info","message":"User logged in: hiiiiiiiiiiiiiiiiiiiii@gmail.com","timestamp":"2025-03-05 14:44:24","userId":"67c81353a734374774322d1c"}
{"endpoint":"/api/auth/signin","ip":"::1","level":"info","message":"Authentication Attempt","method":"POST","timestamp":"2025-03-05 14:44:49","userEmail":"hiiiiiiiiiiiiiiiiiiiii@gmail.com"}
{"level":"info","message":"User logged in: hiiiiiiiiiiiiiiiiiiiii@gmail.com","timestamp":"2025-03-05 14:44:50","userId":"67c81353a734374774322d1c"}
{"endpoint":"/api/auth/signin","ip":"::1","level":"info","message":"Authentication Attempt","method":"POST","timestamp":"2025-03-05 14:46:14","userEmail":"hiiiiiiiiiiiiiiiiiiiii@gmail.com"}
{"level":"info","message":"User logged in: hiiiiiiiiiiiiiiiiiiiii@gmail.com","timestamp":"2025-03-05 14:46:14","userId":"67c81353a734374774322d1c"}
{"endpoint":"/api/auth/signup","ip":"::1","level":"info","message":"Authentication Attempt","method":"POST","timestamp":"2025-03-05 15:04:50","userEmail":"hiiiiiiiiiiiiiiiiiiiiiiiii@gmail.com"}
{"level":"info","message":"User signed up: hiiiiiiiiiiiiiiiiiiiiiiiii@gmail.com","timestamp":"2025-03-05 15:04:50"}
{"endpoint":"/api/auth/signin","ip":"::1","level":"info","message":"Authentication Attempt","method":"POST","timestamp":"2025-03-05 15:05:03","userEmail":"hiiiiiiiiiiiiiiiiiiiiiiiii@gmail.com"}
{"level":"info","message":"User logged in: hiiiiiiiiiiiiiiiiiiiiiiiii@gmail.com","timestamp":"2025-03-05 15:05:03","userId":"67c81abaf6fb0dea33d82e37"}
{"endpoint":"/api/auth/signup","ip":"::1","level":"info","message":"Authentication Attempt","method":"POST","timestamp":"2025-03-05 15:17:07","userEmail":"john.doe@example.com"}
{"level":"info","message":"User signed up: john.doe@example.com","timestamp":"2025-03-05 15:17:07"}
{"endpoint":"/api/auth/signin","ip":"::1","level":"info","message":"Authentication Attempt","method":"POST","timestamp":"2025-03-05 15:17:22","userEmail":"john.doe@example.com"}
{"endpoint":"/api/auth/signin","ip":"::1","level":"info","message":"Authentication Attempt","method":"POST","timestamp":"2025-03-05 15:20:00","userEmail":"john.doe@example.com"}
{"endpoint":"/api/auth/signin","ip":"::1","level":"info","message":"Authentication Attempt","method":"POST","timestamp":"2025-03-05 15:21:04","userEmail":"john.doe@example.com"}
{"body":{"email":"john.doe@example.com","password":"SecurePass123!"},"level":"error","message":"Unhandled Server Error: Invalid user object: Missing required properties","method":"POST","params":{},"path":"/signin","stack":"Error: Invalid user object: Missing required properties\n    at generateAccessToken (/Users/yash/Desktop/Excollo-Projects/Crudo-OMS/backend/src/utils/generateTokens.js:6:11)\n    at Object.signin (/Users/yash/Desktop/Excollo-Projects/Crudo-OMS/backend/src/services/authService.js:46:23)\n    at async signin (/Users/yash/Desktop/Excollo-Projects/Crudo-OMS/backend/src/controllers/authController.js:20:20)","timestamp":"2025-03-05 15:21:04"}
{"endpoint":"/api/auth/signin","ip":"::1","level":"info","message":"Authentication Attempt","method":"POST","timestamp":"2025-03-05 15:24:06","userEmail":"john.doe@example.com"}
{"body":{"email":"john.doe@example.com","password":"SecurePass123!"},"level":"error","message":"Unhandled Server Error: Invalid user object: Missing required properties","method":"POST","params":{},"path":"/signin","stack":"Error: Invalid user object: Missing required properties\n    at generateAccessToken (/Users/yash/Desktop/Excollo-Projects/Crudo-OMS/backend/src/utils/generateTokens.js:6:11)\n    at Object.signin (/Users/yash/Desktop/Excollo-Projects/Crudo-OMS/backend/src/services/authService.js:46:23)\n    at async signin (/Users/yash/Desktop/Excollo-Projects/Crudo-OMS/backend/src/controllers/authController.js:20:20)","timestamp":"2025-03-05 15:24:06"}
{"endpoint":"/api/auth/signin","ip":"::1","level":"info","message":"Authentication Attempt","method":"POST","timestamp":"2025-03-05 15:25:50","userEmail":"john.doe@example.com"}
{"body":{"email":"john.doe@example.com","password":"SecurePass123!"},"level":"error","message":"Unhandled Server Error: Invalid user object: Missing required properties","method":"POST","params":{},"path":"/signin","stack":"Error: Invalid user object: Missing required properties\n    at generateAccessToken (/Users/yash/Desktop/Excollo-Projects/Crudo-OMS/backend/src/utils/generateTokens.js:6:11)\n    at Object.signin (/Users/yash/Desktop/Excollo-Projects/Crudo-OMS/backend/src/services/authService.js:46:23)\n    at async signin (/Users/yash/Desktop/Excollo-Projects/Crudo-OMS/backend/src/controllers/authController.js:20:20)","timestamp":"2025-03-05 15:25:50"}
{"endpoint":"/api/auth/signup","ip":"::1","level":"info","message":"Authentication Attempt","method":"POST","timestamp":"2025-03-05 15:26:20","userEmail":"john.doe@example.com"}
{"body":{"email":"john.doe@example.com","fullName":"","password":"SecurePass123!","role":"admin"},"level":"error","message":"[ConflictError] User already exists","method":"POST","params":{},"path":"/signup","stack":"ConflictError: User already exists\n    at Object.signup (/Users/yash/Desktop/Excollo-Projects/Crudo-OMS/backend/src/services/authService.js:16:25)\n    at process.processTicksAndRejections (node:internal/process/task_queues:95:5)\n    at async signup (/Users/yash/Desktop/Excollo-Projects/Crudo-OMS/backend/src/controllers/authController.js:9:20)","timestamp":"2025-03-05 15:26:20"}
{"endpoint":"/api/auth/signup","ip":"::1","level":"info","message":"Authentication Attempt","method":"POST","timestamp":"2025-03-05 15:26:27","userEmail":"johnn.doe@example.com"}
{"body":{"email":"johnn.doe@example.com","fullName":"","password":"SecurePass123!","role":"admin"},"level":"error","message":"Unhandled Server Error: User validation failed: fullName: Path `fullName` is required.","method":"POST","params":{},"path":"/signup","stack":"ValidationError: User validation failed: fullName: Path `fullName` is required.\n    at Document.invalidate (/Users/yash/Desktop/Excollo-Projects/Crudo-OMS/backend/node_modules/mongoose/lib/document.js:3329:32)\n    at /Users/yash/Desktop/Excollo-Projects/Crudo-OMS/backend/node_modules/mongoose/lib/document.js:3090:17\n    at /Users/yash/Desktop/Excollo-Projects/Crudo-OMS/backend/node_modules/mongoose/lib/schemaType.js:1407:9\n    at process.processTicksAndRejections (node:internal/process/task_queues:77:11)","timestamp":"2025-03-05 15:26:27"}
{"endpoint":"/api/auth/signup","ip":"::1","level":"info","message":"Authentication Attempt","method":"POST","timestamp":"2025-03-05 15:26:44","userEmail":"johnn.doe@example.com"}
{"level":"info","message":"User signed up: johnn.doe@example.com","timestamp":"2025-03-05 15:26:44"}
{"endpoint":"/api/auth/signin","ip":"::1","level":"info","message":"Authentication Attempt","method":"POST","timestamp":"2025-03-05 15:27:03","userEmail":"johnn.doe@example.com"}
{"body":{"email":"johnn.doe@example.com","password":"SecurePass123!"},"level":"error","message":"Unhandled Server Error: Invalid user object: Missing required properties","method":"POST","params":{},"path":"/signin","stack":"Error: Invalid user object: Missing required properties\n    at generateAccessToken (/Users/yash/Desktop/Excollo-Projects/Crudo-OMS/backend/src/utils/generateTokens.js:6:11)\n    at Object.signin (/Users/yash/Desktop/Excollo-Projects/Crudo-OMS/backend/src/services/authService.js:46:23)\n    at async signin (/Users/yash/Desktop/Excollo-Projects/Crudo-OMS/backend/src/controllers/authController.js:20:20)","timestamp":"2025-03-05 15:27:03"}
{"endpoint":"/api/auth/signin","ip":"::1","level":"info","message":"Authentication Attempt","method":"POST","timestamp":"2025-03-05 15:29:19","userEmail":"johnn.doe@example.com"}
{"body":{"email":"johnn.doe@example.com","password":"SecurePass123!"},"level":"error","message":"Unhandled Server Error: Invalid user object: Missing required properties","method":"POST","params":{},"path":"/signin","stack":"Error: Invalid user object: Missing required properties\n    at generateAccessToken (/Users/yash/Desktop/Excollo-Projects/Crudo-OMS/backend/src/utils/generateTokens.js:6:11)\n    at Object.signin (/Users/yash/Desktop/Excollo-Projects/Crudo-OMS/backend/src/services/authService.js:54:23)\n    at async signin (/Users/yash/Desktop/Excollo-Projects/Crudo-OMS/backend/src/controllers/authController.js:20:20)","timestamp":"2025-03-05 15:29:19"}
{"endpoint":"/api/auth/signin","ip":"::1","level":"info","message":"Authentication Attempt","method":"POST","timestamp":"2025-03-05 15:30:00","userEmail":"johnn.doe@example.com"}
{"body":{"email":"johnn.doe@example.com","password":"SecurePass123!"},"level":"error","message":"Unhandled Server Error: Invalid user object: Missing required properties","method":"POST","params":{},"path":"/signin","stack":"Error: Invalid user object: Missing required properties\n    at generateAccessToken (/Users/yash/Desktop/Excollo-Projects/Crudo-OMS/backend/src/utils/generateTokens.js:6:11)\n    at Object.signin (/Users/yash/Desktop/Excollo-Projects/Crudo-OMS/backend/src/services/authService.js:54:23)\n    at async signin (/Users/yash/Desktop/Excollo-Projects/Crudo-OMS/backend/src/controllers/authController.js:20:20)","timestamp":"2025-03-05 15:30:00"}
{"endpoint":"/api/auth/signin","ip":"::1","level":"info","message":"Authentication Attempt","method":"POST","timestamp":"2025-03-05 15:32:18","userEmail":"johnn.doe@example.com"}
{"body":{"email":"johnn.doe@example.com","password":"SecurePass123!"},"level":"error","message":"Unhandled Server Error: Invalid user object: Missing required properties","method":"POST","params":{},"path":"/signin","stack":"Error: Invalid user object: Missing required properties\n    at generateAccessToken (/Users/yash/Desktop/Excollo-Projects/Crudo-OMS/backend/src/utils/generateTokens.js:6:11)\n    at Object.signin (/Users/yash/Desktop/Excollo-Projects/Crudo-OMS/backend/src/services/authService.js:54:23)\n    at async signin (/Users/yash/Desktop/Excollo-Projects/Crudo-OMS/backend/src/controllers/authController.js:20:20)","timestamp":"2025-03-05 15:32:18"}
{"endpoint":"/api/auth/signin","ip":"::1","level":"info","message":"Authentication Attempt","method":"POST","timestamp":"2025-03-05 15:32:59","userEmail":"johnn.doe@example.com"}
{"level":"info","message":"User logged in: johnn.doe@example.com","timestamp":"2025-03-05 15:32:59","userId":"67c81fdc49543a2d799ea6d9"}
{"endpoint":"/api/auth/signin","ip":"::1","level":"info","message":"Authentication Attempt","method":"POST","timestamp":"2025-03-05 15:34:13","userEmail":"johnn.doe@example.com"}
{"body":{"email":"johnn.doe@example.com","password":"SecurePass123!"},"level":"error","message":"Unhandled Server Error: Invalid user object: Missing required properties","method":"POST","params":{},"path":"/signin","stack":"Error: Invalid user object: Missing required properties\n    at generateAccessToken (/Users/yash/Desktop/Excollo-Projects/Crudo-OMS/backend/src/utils/generateTokens.js:6:11)\n    at Object.signin (/Users/yash/Desktop/Excollo-Projects/Crudo-OMS/backend/src/services/authService.js:54:23)\n    at async signin (/Users/yash/Desktop/Excollo-Projects/Crudo-OMS/backend/src/controllers/authController.js:20:20)","timestamp":"2025-03-05 15:34:13"}
{"endpoint":"/api/auth/signin","ip":"::1","level":"info","message":"Authentication Attempt","method":"POST","timestamp":"2025-03-05 15:35:33","userEmail":"johnn.doe@example.com"}
{"body":{"email":"johnn.doe@example.com","password":"SecurePass123!"},"level":"error","message":"Unhandled Server Error: Invalid user object: Missing required properties","method":"POST","params":{},"path":"/signin","stack":"Error: Invalid user object: Missing required properties\n    at generateAccessToken (/Users/yash/Desktop/Excollo-Projects/Crudo-OMS/backend/src/utils/generateTokens.js:6:11)\n    at Object.signin (/Users/yash/Desktop/Excollo-Projects/Crudo-OMS/backend/src/services/authService.js:46:23)\n    at async signin (/Users/yash/Desktop/Excollo-Projects/Crudo-OMS/backend/src/controllers/authController.js:20:20)","timestamp":"2025-03-05 15:35:33"}
{"endpoint":"/api/auth/signin","ip":"::1","level":"info","message":"Authentication Attempt","method":"POST","timestamp":"2025-03-05 15:35:42","userEmail":"johnn.doe@example.com"}
{"body":{"email":"johnn.doe@example.com","password":"SecurePass123!"},"level":"error","message":"Unhandled Server Error: Invalid user object: Missing required properties","method":"POST","params":{},"path":"/signin","stack":"Error: Invalid user object: Missing required properties\n    at generateAccessToken (/Users/yash/Desktop/Excollo-Projects/Crudo-OMS/backend/src/utils/generateTokens.js:6:11)\n    at Object.signin (/Users/yash/Desktop/Excollo-Projects/Crudo-OMS/backend/src/services/authService.js:45:23)\n    at process.processTicksAndRejections (node:internal/process/task_queues:95:5)\n    at async signin (/Users/yash/Desktop/Excollo-Projects/Crudo-OMS/backend/src/controllers/authController.js:20:20)","timestamp":"2025-03-05 15:35:42"}
{"endpoint":"/api/auth/signin","ip":"::1","level":"info","message":"Authentication Attempt","method":"POST","timestamp":"2025-03-05 15:36:30","userEmail":"johnn.doe@example.com"}
{"level":"info","message":"User logged in: johnn.doe@example.com","timestamp":"2025-03-05 15:36:30","userId":"67c81fdc49543a2d799ea6d9"}
{"endpoint":"/api/auth/signin","ip":"::1","level":"info","message":"Authentication Attempt","method":"POST","timestamp":"2025-03-05 15:36:53","userEmail":"johnn.doe@example.com"}
{"level":"info","message":"User logged in: johnn.doe@example.com","timestamp":"2025-03-05 15:36:53","userId":"67c81fdc49543a2d799ea6d9"}
{"endpoint":"/api/auth/signin","ip":"::1","level":"info","message":"Authentication Attempt","method":"POST","timestamp":"2025-03-05 15:36:57","userEmail":"johnn.doe@example.com"}
{"level":"info","message":"User logged in: johnn.doe@example.com","timestamp":"2025-03-05 15:36:57","userId":"67c81fdc49543a2d799ea6d9"}
{"endpoint":"/api/auth/signin","ip":"::1","level":"info","message":"Authentication Attempt","method":"POST","timestamp":"2025-03-05 15:37:09","userEmail":"johnn.doe@example.com"}
{"level":"info","message":"User logged in: johnn.doe@example.com","timestamp":"2025-03-05 15:37:09","userId":"67c81fdc49543a2d799ea6d9"}
{"endpoint":"/api/auth/signin","ip":"::1","level":"info","message":"Authentication Attempt","method":"POST","timestamp":"2025-03-05 15:37:45","userEmail":"johnn.doe@example.com"}
{"body":{"email":"johnn.doe@example.com","password":"SecurePass123!"},"level":"error","message":"Unhandled Server Error: Invalid user object: Missing required properties","method":"POST","params":{},"path":"/signin","stack":"Error: Invalid user object: Missing required properties\n    at generateAccessToken (/Users/yash/Desktop/Excollo-Projects/Crudo-OMS/backend/src/utils/generateTokens.js:6:11)\n    at Object.signin (/Users/yash/Desktop/Excollo-Projects/Crudo-OMS/backend/src/services/authService.js:30:23)\n    at async signin (/Users/yash/Desktop/Excollo-Projects/Crudo-OMS/backend/src/controllers/authController.js:20:20)","timestamp":"2025-03-05 15:37:45"}
{"endpoint":"/api/auth/signin","ip":"::1","level":"info","message":"Authentication Attempt","method":"POST","timestamp":"2025-03-05 15:39:20","userEmail":"johnn.doe@example.com"}
{"level":"info","message":"User logged in: johnn.doe@example.com","timestamp":"2025-03-05 15:39:20","userId":"67c81fdc49543a2d799ea6d9"}
{"endpoint":"/api/auth/signin","ip":"::1","level":"info","message":"Authentication Attempt","method":"POST","timestamp":"2025-03-05 15:39:39","userEmail":"johnn.doe@example.com"}
{"body":{"email":"johnn.doe@example.com","password":"SecurePass123!"},"level":"error","message":"Unhandled Server Error: Invalid user object: Missing required properties","method":"POST","params":{},"path":"/signin","stack":"Error: Invalid user object: Missing required properties\n    at generateAccessToken (/Users/yash/Desktop/Excollo-Projects/Crudo-OMS/backend/src/utils/generateTokens.js:6:11)\n    at Object.signin (/Users/yash/Desktop/Excollo-Projects/Crudo-OMS/backend/src/services/authService.js:48:23)\n    at async signin (/Users/yash/Desktop/Excollo-Projects/Crudo-OMS/backend/src/controllers/authController.js:20:20)","timestamp":"2025-03-05 15:39:39"}
{"endpoint":"/api/auth/signin","ip":"::1","level":"info","message":"Authentication Attempt","method":"POST","timestamp":"2025-03-05 15:39:57","userEmail":"johnn.doe@example.com"}
{"level":"info","message":"User logged in: johnn.doe@example.com","timestamp":"2025-03-05 15:39:57","userId":"67c81fdc49543a2d799ea6d9"}
{"endpoint":"/api/auth/signup","ip":"::1","level":"info","message":"Authentication Attempt","method":"POST","timestamp":"2025-03-05 15:41:55","userEmail":"johndnoe@example.com"}
{"level":"info","message":"User signed up: johndnoe@example.com","timestamp":"2025-03-05 15:41:55"}
{"endpoint":"/api/auth/signin","ip":"::1","level":"info","message":"Authentication Attempt","method":"POST","timestamp":"2025-03-05 15:42:04","userEmail":"johndnoe@example.com"}
{"level":"info","message":"User logged in: johndnoe@example.com","timestamp":"2025-03-05 15:42:04","userId":"67c8236b76bc0b08dd92fbed"}
{"endpoint":"/api/auth/signin","ip":"::1","level":"info","message":"Authentication Attempt","method":"POST","timestamp":"2025-03-05 15:44:37","userEmail":"johndnoe@example.com"}
{"level":"info","message":"User logged in: johndnoe@example.com","timestamp":"2025-03-05 15:44:38","userId":"67c8236b76bc0b08dd92fbed"}
{"endpoint":"/api/auth/signin","ip":"::1","level":"info","message":"Authentication Attempt","method":"POST","timestamp":"2025-03-05 15:45:26","userEmail":""}
{"body":{"email":"","password":"","refreshToken":"eyJhbGciOiJIUzI1NiIsInR5cCI6IkpXVCJ9.eyJpZCI6IjY3YzgyMzZiNzZiYzBiMDhkZDkyZmJlZCIsImlhdCI6MTc0MTE2OTY3OCwiZXhwIjoxNzQxNzc0NDc4fQ.sWHDW9npx-jJhLIsRQoomYB9d-5RGWwxKHauMlXydtk"},"level":"warn","message":"Unauthorized: Invalid credentials","method":"POST","params":{},"path":"/signin","stack":"UnauthorizedError: Invalid credentials\n    at Object.signin (/Users/yash/Desktop/Excollo-Projects/Crudo-OMS/backend/src/services/authService.js:26:11)\n    at process.processTicksAndRejections (node:internal/process/task_queues:95:5)\n    at async signin (/Users/yash/Desktop/Excollo-Projects/Crudo-OMS/backend/src/controllers/authController.js:20:20)","timestamp":"2025-03-05 15:45:27"}
{"body":{"email":"johndnoe@example.com","token":"123456"},"level":"warn","message":"Unauthorized: Invalid or expired verification code","method":"POST","params":{},"path":"/verify-2fa-setup","stack":"UnauthorizedError: Invalid or expired verification code\n    at TwoFactorService.verifyTwoFactorSetup (/Users/yash/Desktop/Excollo-Projects/Crudo-OMS/backend/src/services/twoFactorService.js:48:13)\n    at process.processTicksAndRejections (node:internal/process/task_queues:95:5)\n    at async verifyTwoFactorSetup (/Users/yash/Desktop/Excollo-Projects/Crudo-OMS/backend/src/controllers/authController.js:79:20)","timestamp":"2025-03-05 15:48:07"}
{"body":{"email":"johndnoe@example.com","token":"286640"},"level":"warn","message":"Unauthorized: Invalid or expired verification code","method":"POST","params":{},"path":"/verify-2fa-login","stack":"UnauthorizedError: Invalid or expired verification code\n    at Object.verifyTwoFactorLogin (/Users/yash/Desktop/Excollo-Projects/Crudo-OMS/backend/src/services/authService.js:67:11)\n    at process.processTicksAndRejections (node:internal/process/task_queues:95:5)\n    at async verifyTwoFactor (/Users/yash/Desktop/Excollo-Projects/Crudo-OMS/backend/src/controllers/authController.js:54:20)","timestamp":"2025-03-05 15:51:17"}
{"body":{"email":"johndnoe@example.com","token":"376365"},"level":"warn","message":"Unauthorized: Invalid or expired verification code","method":"POST","params":{},"path":"/verify-2fa-login","stack":"UnauthorizedError: Invalid or expired verification code\n    at Object.verifyTwoFactorLogin (/Users/yash/Desktop/Excollo-Projects/Crudo-OMS/backend/src/services/authService.js:67:11)\n    at process.processTicksAndRejections (node:internal/process/task_queues:95:5)\n    at async verifyTwoFactor (/Users/yash/Desktop/Excollo-Projects/Crudo-OMS/backend/src/controllers/authController.js:54:20)","timestamp":"2025-03-05 15:52:51"}
{"endpoint":"/api/auth/request-password-reset","ip":"::1","level":"info","message":"Authentication Attempt","method":"POST","timestamp":"2025-03-05 15:57:43","userEmail":"johndnoe@example.com"}
{"level":"info","message":"Password reset link sent to johndnoe@example.com","timestamp":"2025-03-05 15:57:47"}
{"endpoint":"/api/auth/reset-password","ip":"::1","level":"info","message":"Authentication Attempt","method":"POST","timestamp":"2025-03-05 15:59:16","userEmail":"N/A"}
{"body":{"newPassword":"NewSecurePass123!","token":"60aa6913d7de0046fa18966cff761eef1ff6d351567dddddc599b6b4e211251e"},"level":"error","message":"Unhandled Server Error: Invalid or expired token","method":"POST","params":{},"path":"/reset-password","stack":"Error: Invalid or expired token\n    at Object.resetPassword (/Users/yash/Desktop/Excollo-Projects/Crudo-OMS/backend/src/services/authService.js:164:11)\n    at process.processTicksAndRejections (node:internal/process/task_queues:95:5)\n    at async resetPassword (/Users/yash/Desktop/Excollo-Projects/Crudo-OMS/backend/src/controllers/authController.js:149:5)","timestamp":"2025-03-05 15:59:16"}
{"endpoint":"/api/auth/reset-password","ip":"::1","level":"info","message":"Authentication Attempt","method":"POST","timestamp":"2025-03-05 16:00:28","userEmail":"N/A"}
{"level":"info","message":"Password successfully reset","timestamp":"2025-03-05 16:00:29"}
{"body":{"refreshToken":"eyJhbGciOiJIUzI1NiIsInR5cCI6IkpXVCJ9.eyJpZCI6IjY3YzgyMzZiNzZiYzBiMDhkZDkyZmJlZCIsImlhdCI6MTc0MTE2OTY3OCwiZXhwIjoxNzQxNzc0NDc4fQ.sWHDW9npx-jJhLIsRQoomYB9d-5RGWwxKHauMlXydtk"},"level":"warn","message":"Unauthorized: Invalid or expired refresh token","method":"POST","params":{},"path":"/refresh-token","stack":"UnauthorizedError: Invalid or expired refresh token\n    at Object.refreshToken (/Users/yash/Desktop/Excollo-Projects/Crudo-OMS/backend/src/services/authService.js:88:11)\n    at process.processTicksAndRejections (node:internal/process/task_queues:95:5)\n    at async refreshToken (/Users/yash/Desktop/Excollo-Projects/Crudo-OMS/backend/src/controllers/authController.js:107:20)","timestamp":"2025-03-05 16:01:11"}
{"body":{"refreshToken":"eyJhbGciOiJIUzI1NiIsInR5cCI6IkpXVCJ9.eyJpZCI6IjY3YzgyMzZiNzZiYzBiMDhkZDkyZmJlZCIsImlhdCI6MTc0MTE2OTY3OCwiZXhwIjoxNzQxNzc0NDc4fQ.sWHDW9npx-jJhLIsRQoomYB9d-5RGWwxKHauMlXydtk"},"level":"warn","message":"Unauthorized: Refresh token expired","method":"POST","params":{},"path":"/refresh-token","stack":"UnauthorizedError: Refresh token expired\n    at Object.refreshToken (/Users/yash/Desktop/Excollo-Projects/Crudo-OMS/backend/src/services/authService.js:93:11)\n    at process.processTicksAndRejections (node:internal/process/task_queues:95:5)\n    at async refreshToken (/Users/yash/Desktop/Excollo-Projects/Crudo-OMS/backend/src/controllers/authController.js:106:20)","timestamp":"2025-03-05 16:12:40"}
{"endpoint":"/api/auth/signin","ip":"::1","level":"info","message":"Authentication Attempt","method":"POST","timestamp":"2025-03-05 16:13:01","userEmail":"johndnoe@example.com"}
{"body":{"email":"johndnoe@example.com","password":"SecurePass123!"},"level":"warn","message":"Unauthorized: Invalid credentials","method":"POST","params":{},"path":"/signin","stack":"UnauthorizedError: Invalid credentials\n    at Object.signin (/Users/yash/Desktop/Excollo-Projects/Crudo-OMS/backend/src/services/authService.js:26:11)\n    at async signin (/Users/yash/Desktop/Excollo-Projects/Crudo-OMS/backend/src/controllers/authController.js:20:20)","timestamp":"2025-03-05 16:13:02"}
{"endpoint":"/api/auth/signup","ip":"::1","level":"info","message":"Authentication Attempt","method":"POST","timestamp":"2025-03-05 16:13:17","userEmail":"johndnnoe@example.com"}
{"level":"info","message":"User signed up: johndnnoe@example.com","timestamp":"2025-03-05 16:13:17"}
{"endpoint":"/api/auth/signin","ip":"::1","level":"info","message":"Authentication Attempt","method":"POST","timestamp":"2025-03-05 16:13:24","userEmail":"johndnnoe@example.com"}
{"level":"info","message":"User logged in: johndnnoe@example.com","timestamp":"2025-03-05 16:13:24","userId":"67c82ac5f98178c3a34a5710"}
{"body":{"refreshToken":"eyJhbGciOiJIUzI1NiIsInR5cCI6IkpXVCJ9.eyJpZCI6IjY3YzgyYWM1Zjk4MTc4YzNhMzRhNTcxMCIsImlhdCI6MTc0MTE3MTQwNCwiZXhwIjoxNzQxNzc2MjA0fQ.fP2pE4-FrFy9iDvoMbxdbwFK9AXh-VF8xaMfkV3Lr7g"},"level":"warn","message":"Unauthorized: Refresh token expired","method":"POST","params":{},"path":"/refresh-token","stack":"UnauthorizedError: Refresh token expired\n    at Object.refreshToken (/Users/yash/Desktop/Excollo-Projects/Crudo-OMS/backend/src/services/authService.js:93:11)\n    at process.processTicksAndRejections (node:internal/process/task_queues:95:5)\n    at async refreshToken (/Users/yash/Desktop/Excollo-Projects/Crudo-OMS/backend/src/controllers/authController.js:106:20)","timestamp":"2025-03-05 16:14:12"}
{"body":{"refreshToken":"eyJhbGciOiJIUzI1NiIsInR5cCI6IkpXVCJ9.eyJpZCI6IjY3YzgyYWM1Zjk4MTc4YzNhMzRhNTcxMCIsImlhdCI6MTc0MTE3MTQwNCwiZXhwIjoxNzQxNzc2MjA0fQ.fP2pE4-FrFy9iDvoMbxdbwFK9AXh-VF8xaMfkV3Lr7g"},"level":"error","message":"Unhandled Server Error: invalid signature","method":"POST","params":{},"path":"/refresh-token","stack":"JsonWebTokenError: invalid signature\n    at /Users/yash/Desktop/Excollo-Projects/Crudo-OMS/backend/node_modules/jsonwebtoken/verify.js:171:19\n    at getSecret (/Users/yash/Desktop/Excollo-Projects/Crudo-OMS/backend/node_modules/jsonwebtoken/verify.js:97:14)\n    at module.exports [as verify] (/Users/yash/Desktop/Excollo-Projects/Crudo-OMS/backend/node_modules/jsonwebtoken/verify.js:101:10)\n    at Object.refreshToken (/Users/yash/Desktop/Excollo-Projects/Crudo-OMS/backend/src/services/authService.js:82:23)\n    at refreshToken (/Users/yash/Desktop/Excollo-Projects/Crudo-OMS/backend/src/controllers/authController.js:105:38)\n    at Layer.handle [as handle_request] (/Users/yash/Desktop/Excollo-Projects/Crudo-OMS/backend/node_modules/express/lib/router/layer.js:95:5)\n    at next (/Users/yash/Desktop/Excollo-Projects/Crudo-OMS/backend/node_modules/express/lib/router/route.js:149:13)\n    at Route.dispatch (/Users/yash/Desktop/Excollo-Projects/Crudo-OMS/backend/node_modules/express/lib/router/route.js:119:3)\n    at Layer.handle [as handle_request] (/Users/yash/Desktop/Excollo-Projects/Crudo-OMS/backend/node_modules/express/lib/router/layer.js:95:5)\n    at /Users/yash/Desktop/Excollo-Projects/Crudo-OMS/backend/node_modules/express/lib/router/index.js:284:15","timestamp":"2025-03-05 16:14:51"}
{"body":{"refreshToken":"eyJhbGciOiJIUzI1NiIsInR5cCI6IkpXVCJ9.eyJpZCI6IjY3YzgyYWM1Zjk4MTc4YzNhMzRhNTcxMCIsImlhdCI6MTc0MTE3MTQwNCwiZXhwIjoxNzQxNzc2MjA0fQ.fP2pE4-FrFy9iDvoMbxdbwFK9AXh-VF8xaMfkV3Lr7g"},"level":"warn","message":"Unauthorized: Refresh token expired","method":"POST","params":{},"path":"/refresh-token","stack":"UnauthorizedError: Refresh token expired\n    at Object.refreshToken (/Users/yash/Desktop/Excollo-Projects/Crudo-OMS/backend/src/services/authService.js:93:11)\n    at process.processTicksAndRejections (node:internal/process/task_queues:95:5)\n    at async refreshToken (/Users/yash/Desktop/Excollo-Projects/Crudo-OMS/backend/src/controllers/authController.js:106:20)","timestamp":"2025-03-05 16:19:35"}
{"body":{"refreshToken":"eyJhbGciOiJIUzI1NiIsInR5cCI6IkpXVCJ9.eyJpZCI6IjY3YzgyYWM1Zjk4MTc4YzNhMzRhNTcxMCIsImlhdCI6MTc0MTE3MTQwNCwiZXhwIjoxNzQxNzc2MjA0fQ.fP2pE4-FrFy9iDvoMbxdbwFK9AXh-VF8xaMfkV3Lr7g"},"level":"warn","message":"Unauthorized: Invalid or expired refresh token","method":"POST","params":{},"path":"/refresh-token","stack":"UnauthorizedError: Invalid or expired refresh token\n    at Object.refreshToken (/Users/yash/Desktop/Excollo-Projects/Crudo-OMS/backend/src/services/authService.js:85:11)\n    at process.processTicksAndRejections (node:internal/process/task_queues:95:5)\n    at async refreshToken (/Users/yash/Desktop/Excollo-Projects/Crudo-OMS/backend/src/controllers/authController.js:106:20)","timestamp":"2025-03-05 16:23:25"}
{"body":{"refreshToken":"eyJhbGciOiJIUzI1NiIsInR5cCI6IkpXVCJ9.eyJpZCI6IjY3YzgyYWM1Zjk4MTc4YzNhMzRhNTcxMCIsImlhdCI6MTc0MTE3MTQwNCwiZXhwIjoxNzQxNzc2MjA0fQ.fP2pE4-FrFy9iDvoMbxdbwFK9AXh-VF8xaMfkV3Lr7g"},"level":"warn","message":"Unauthorized: Invalid or expired refresh token","method":"POST","params":{},"path":"/refresh-token","stack":"UnauthorizedError: Invalid or expired refresh token\n    at Object.refreshToken (/Users/yash/Desktop/Excollo-Projects/Crudo-OMS/backend/src/services/authService.js:85:11)\n    at process.processTicksAndRejections (node:internal/process/task_queues:95:5)\n    at async refreshToken (/Users/yash/Desktop/Excollo-Projects/Crudo-OMS/backend/src/controllers/authController.js:106:20)","timestamp":"2025-03-05 16:25:03"}
{"body":{"refreshToken":"eyJhbGciOiJIUzI1NiIsInR5cCI6IkpXVCJ9.eyJpZCI6IjY3YzgyYWM1Zjk4MTc4YzNhMzRhNTcxMCIsImlhdCI6MTc0MTE3MTQwNCwiZXhwIjoxNzQxNzc2MjA0fQ.fP2pE4-FrFy9iDvoMbxdbwFK9AXh-VF8xaMfkV3Lr7g"},"level":"error","message":"Unhandled Server Error: Cast to embedded failed for value \"{\n  token: '5ce10aca36fd9199f78944d586030a0f7a5bbcd1e10a5b62d6c15e9a8935da24',\n  expiresAt: NaN\n}\" (type Object) at path \"refreshTokens\" because of \"CastError\"","method":"POST","params":{},"path":"/refresh-token","stack":"CastError: Cast to embedded failed for value \"{\n  token: '5ce10aca36fd9199f78944d586030a0f7a5bbcd1e10a5b62d6c15e9a8935da24',\n  expiresAt: NaN\n}\" (type Object) at path \"refreshTokens\" because of \"CastError\"\n    at SchemaDocumentArray.cast (/Users/yash/Desktop/Excollo-Projects/Crudo-OMS/backend/node_modules/mongoose/lib/schema/documentArray.js:502:19)\n    at SchemaType.applySetters (/Users/yash/Desktop/Excollo-Projects/Crudo-OMS/backend/node_modules/mongoose/lib/schemaType.js:1255:12)\n    at castUpdateVal (/Users/yash/Desktop/Excollo-Projects/Crudo-OMS/backend/node_modules/mongoose/lib/helpers/query/castUpdate.js:577:22)\n    at walkUpdatePath (/Users/yash/Desktop/Excollo-Projects/Crudo-OMS/backend/node_modules/mongoose/lib/helpers/query/castUpdate.js:317:26)\n    at castUpdate (/Users/yash/Desktop/Excollo-Projects/Crudo-OMS/backend/node_modules/mongoose/lib/helpers/query/castUpdate.js:144:7)\n    at model.Query._castUpdate (/Users/yash/Desktop/Excollo-Projects/Crudo-OMS/backend/node_modules/mongoose/lib/query.js:4703:10)\n    at model.Query._updateThunk (/Users/yash/Desktop/Excollo-Projects/Crudo-OMS/backend/node_modules/mongoose/lib/query.js:3896:25)\n    at model.Query._updateOne (/Users/yash/Desktop/Excollo-Projects/Crudo-OMS/backend/node_modules/mongoose/lib/query.js:3984:23)\n    at model.Query.exec (/Users/yash/Desktop/Excollo-Projects/Crudo-OMS/backend/node_modules/mongoose/lib/query.js:4456:80)\n    at process.processTicksAndRejections (node:internal/process/task_queues:95:5)","timestamp":"2025-03-05 16:25:47"}
{"body":{"refreshToken":"eyJhbGciOiJIUzI1NiIsInR5cCI6IkpXVCJ9.eyJpZCI6IjY3YzgyYWM1Zjk4MTc4YzNhMzRhNTcxMCIsImlhdCI6MTc0MTE3MTQwNCwiZXhwIjoxNzQxNzc2MjA0fQ.fP2pE4-FrFy9iDvoMbxdbwFK9AXh-VF8xaMfkV3Lr7g"},"level":"warn","message":"Unauthorized: Invalid or expired refresh token","method":"POST","params":{},"path":"/refresh-token","stack":"UnauthorizedError: Invalid or expired refresh token\n    at Object.refreshToken (/Users/yash/Desktop/Excollo-Projects/Crudo-OMS/backend/src/services/authService.js:120:11)\n    at process.processTicksAndRejections (node:internal/process/task_queues:95:5)\n    at async refreshToken (/Users/yash/Desktop/Excollo-Projects/Crudo-OMS/backend/src/controllers/authController.js:106:20)","timestamp":"2025-03-05 16:41:50"}
{"endpoint":"/api/auth/signin","ip":"::1","level":"info","message":"Authentication Attempt","method":"POST","timestamp":"2025-03-05 16:46:24","userEmail":"johndnnoe@example.com"}
{"level":"info","message":"User logged in: johndnnoe@example.com","timestamp":"2025-03-05 16:46:24","userId":"67c82ac5f98178c3a34a5710"}
{"endpoint":"/api/auth/signin","ip":"::1","level":"info","message":"Authentication Attempt","method":"POST","timestamp":"2025-03-05 16:52:09","userEmail":"johndnnoe@example.com"}
{"level":"info","message":"User logged in: johndnnoe@example.com","timestamp":"2025-03-05 16:52:10","userId":"67c82ac5f98178c3a34a5710"}
{"body":{"email":"johndnnoe@example.com","token":"231117"},"level":"warn","message":"Unauthorized: Invalid or expired verification code","method":"POST","params":{},"path":"/verify-2fa-login","stack":"UnauthorizedError: Invalid or expired verification code\n    at Object.verifyTwoFactorLogin (/Users/yash/Desktop/Excollo-Projects/Crudo-OMS/backend/src/services/authService.js:67:11)\n    at process.processTicksAndRejections (node:internal/process/task_queues:95:5)\n    at async verifyTwoFactor (/Users/yash/Desktop/Excollo-Projects/Crudo-OMS/backend/src/controllers/authController.js:53:20)","timestamp":"2025-03-05 16:55:06"}
{"body":{"email":"johndnnoe@example.com","token":"231117"},"level":"warn","message":"Unauthorized: Invalid or expired verification code","method":"POST","params":{},"path":"/verify-2fa-login","stack":"UnauthorizedError: Invalid or expired verification code\n    at Object.verifyTwoFactorLogin (/Users/yash/Desktop/Excollo-Projects/Crudo-OMS/backend/src/services/authService.js:67:11)\n    at process.processTicksAndRejections (node:internal/process/task_queues:95:5)\n    at async verifyTwoFactor (/Users/yash/Desktop/Excollo-Projects/Crudo-OMS/backend/src/controllers/authController.js:53:20)","timestamp":"2025-03-05 17:00:41"}
{"body":{"email":"johndnnoe@example.com","token":"231117"},"level":"warn","message":"Unauthorized: Invalid or expired verification code","method":"POST","params":{},"path":"/verify-2fa-login","stack":"UnauthorizedError: Invalid or expired verification code\n    at Object.verifyTwoFactorLogin (/Users/yash/Desktop/Excollo-Projects/Crudo-OMS/backend/src/services/authService.js:67:11)\n    at process.processTicksAndRejections (node:internal/process/task_queues:95:5)\n    at async verifyTwoFactor (/Users/yash/Desktop/Excollo-Projects/Crudo-OMS/backend/src/controllers/authController.js:53:20)","timestamp":"2025-03-05 17:01:09"}
{"body":{"email":"johndnnoe@example.com","token":"231117"},"level":"error","message":"Unhandled Server Error: twoFactorService.enableTwoFactor is not a function","method":"POST","params":{},"path":"/enable-2fa","stack":"TypeError: twoFactorService.enableTwoFactor is not a function\n    at enableTwoFactor (/Users/yash/Desktop/Excollo-Projects/Crudo-OMS/backend/src/controllers/authController.js:68:43)\n    at Layer.handle [as handle_request] (/Users/yash/Desktop/Excollo-Projects/Crudo-OMS/backend/node_modules/express/lib/router/layer.js:95:5)\n    at next (/Users/yash/Desktop/Excollo-Projects/Crudo-OMS/backend/node_modules/express/lib/router/route.js:149:13)\n    at verifyToken (/Users/yash/Desktop/Excollo-Projects/Crudo-OMS/backend/src/middleware/authMiddleware.js:14:5)\n    at Layer.handle [as handle_request] (/Users/yash/Desktop/Excollo-Projects/Crudo-OMS/backend/node_modules/express/lib/router/layer.js:95:5)\n    at next (/Users/yash/Desktop/Excollo-Projects/Crudo-OMS/backend/node_modules/express/lib/router/route.js:149:13)\n    at Route.dispatch (/Users/yash/Desktop/Excollo-Projects/Crudo-OMS/backend/node_modules/express/lib/router/route.js:119:3)\n    at Layer.handle [as handle_request] (/Users/yash/Desktop/Excollo-Projects/Crudo-OMS/backend/node_modules/express/lib/router/layer.js:95:5)\n    at /Users/yash/Desktop/Excollo-Projects/Crudo-OMS/backend/node_modules/express/lib/router/index.js:284:15\n    at Function.process_params (/Users/yash/Desktop/Excollo-Projects/Crudo-OMS/backend/node_modules/express/lib/router/index.js:346:12)","timestamp":"2025-03-05 17:01:22"}
{"body":{"email":"johndnnoe@example.com","token":"231117"},"level":"warn","message":"Unauthorized: Invalid or expired verification code","method":"POST","params":{},"path":"/verify-2fa-setup","stack":"UnauthorizedError: Invalid or expired verification code\n    at TwoFactorService.verifyTwoFactorSetup (/Users/yash/Desktop/Excollo-Projects/Crudo-OMS/backend/src/services/twoFactorService.js:48:13)\n    at process.processTicksAndRejections (node:internal/process/task_queues:95:5)\n    at async verifyTwoFactorSetup (/Users/yash/Desktop/Excollo-Projects/Crudo-OMS/backend/src/controllers/authController.js:78:20)","timestamp":"2025-03-05 17:05:21"}
{"endpoint":"/api/auth/signin","ip":"::1","level":"info","message":"Authentication Attempt","method":"POST","timestamp":"2025-03-05 17:22:23","userEmail":"johndnnoe@example.com"}
{"action":"2fa_required","level":"info","message":"2FA required for user: johndnnoe@example.com","timestamp":"2025-03-05 17:22:26"}
{"endpoint":"/api/auth/signup","ip":"::1","level":"info","message":"Authentication Attempt","method":"POST","timestamp":"2025-03-05 17:45:18","userEmail":"johndnnnoe@example.com"}
{"body":{"email":"johndnnnoe@example.com","fullName":"hello","password":"","role":"admin","token":"529971"},"level":"error","message":"Unhandled Server Error: User validation failed: password: Password is required","method":"POST","params":{},"path":"/signup","stack":"ValidationError: User validation failed: password: Password is required\n    at Document.invalidate (/Users/yash/Desktop/Excollo-Projects/Crudo-OMS/backend/node_modules/mongoose/lib/document.js:3329:32)\n    at /Users/yash/Desktop/Excollo-Projects/Crudo-OMS/backend/node_modules/mongoose/lib/document.js:3090:17\n    at /Users/yash/Desktop/Excollo-Projects/Crudo-OMS/backend/node_modules/mongoose/lib/schemaType.js:1407:9\n    at process.processTicksAndRejections (node:internal/process/task_queues:77:11)","timestamp":"2025-03-05 17:45:18"}
{"endpoint":"/api/auth/signup","ip":"::1","level":"info","message":"Authentication Attempt","method":"POST","timestamp":"2025-03-05 17:45:29","userEmail":"johndnnnoe@example.com"}
{"level":"info","message":"User signed up: johndnnnoe@example.com","timestamp":"2025-03-05 17:45:29"}
{"endpoint":"/api/auth/signin","ip":"::1","level":"info","message":"Authentication Attempt","method":"POST","timestamp":"2025-03-05 17:45:39","userEmail":"johndnnnoe@example.com"}
{"level":"info","message":"User logged in: johndnnnoe@example.com","timestamp":"2025-03-05 17:45:39","userId":"67c84061530bebeb7660bda0"}
{"endpoint":"/api/auth/signup","ip":"::1","level":"info","message":"Authentication Attempt","method":"POST","timestamp":"2025-03-07 11:24:46","userEmail":"helloworlld@gmail.com"}
{"level":"info","message":"User signed up: helloworlld@gmail.com","timestamp":"2025-03-07 11:24:46"}
{"endpoint":"/api/auth/signup","ip":"::1","level":"info","message":"Authentication Attempt","method":"POST","timestamp":"2025-03-07 12:37:56","userEmail":"hellowoorlld@gmail.com"}
{"level":"info","message":"User signed up: hellowoorlld@gmail.com","timestamp":"2025-03-07 12:37:56"}
{"endpoint":"/api/inventory/products","ip":"::1","level":"info","message":"Authentication Attempt","method":"GET","timestamp":"2025-03-07 13:03:07","userEmail":"hellowoorlld@gmail.com"}
{"body":{"email":"hellowoorlld@gmail.com","password":"helloworld"},"level":"warn","message":"Unauthorized: Invalid token","method":"GET","params":{},"path":"/products","stack":"UnauthorizedError: Invalid token\n    at handleAxiosError (/Users/yash/Desktop/Excollo-Projects/Crudo-OMS/backend/src/services/inventoryService.js:45:15)\n    at Object.fetchProductList (/Users/yash/Desktop/Excollo-Projects/Crudo-OMS/backend/src/services/inventoryService.js:22:9)\n    at process.processTicksAndRejections (node:internal/process/task_queues:95:5)\n    at async getProductList (/Users/yash/Desktop/Excollo-Projects/Crudo-OMS/backend/src/controllers/inventoryController.js:9:23)","timestamp":"2025-03-07 13:03:08"}
{"endpoint":"/api/inventory/products","ip":"::1","level":"info","message":"Authentication Attempt","method":"GET","timestamp":"2025-03-07 13:05:41","userEmail":"hellowoorlld@gmail.com"}
{"body":{"email":"hellowoorlld@gmail.com","password":"helloworld"},"level":"warn","message":"Unauthorized: Invalid token","method":"GET","params":{},"path":"/products","stack":"UnauthorizedError: Invalid token\n    at handleAxiosError (/Users/yash/Desktop/Excollo-Projects/Crudo-OMS/backend/src/services/inventoryService.js:45:15)\n    at Object.fetchProductList (/Users/yash/Desktop/Excollo-Projects/Crudo-OMS/backend/src/services/inventoryService.js:22:9)\n    at process.processTicksAndRejections (node:internal/process/task_queues:95:5)\n    at async getProductList (/Users/yash/Desktop/Excollo-Projects/Crudo-OMS/backend/src/controllers/inventoryController.js:9:23)","timestamp":"2025-03-07 13:05:41"}
{"endpoint":"/api/inventory/products?pageNo=1&pageSize=10&search","ip":"::1","level":"info","message":"Authentication Attempt","method":"GET","timestamp":"2025-03-07 13:06:14","userEmail":"hellowoorlld@gmail.com"}
{"body":{"email":"hellowoorlld@gmail.com","password":"helloworld"},"level":"warn","message":"Unauthorized: Invalid token","method":"GET","params":{},"path":"/products","stack":"UnauthorizedError: Invalid token\n    at handleAxiosError (/Users/yash/Desktop/Excollo-Projects/Crudo-OMS/backend/src/services/inventoryService.js:45:15)\n    at Object.fetchProductList (/Users/yash/Desktop/Excollo-Projects/Crudo-OMS/backend/src/services/inventoryService.js:22:9)\n    at process.processTicksAndRejections (node:internal/process/task_queues:95:5)\n    at async getProductList (/Users/yash/Desktop/Excollo-Projects/Crudo-OMS/backend/src/controllers/inventoryController.js:9:23)","timestamp":"2025-03-07 13:06:14"}
{"endpoint":"/api/inventory/products?pageNo=1&pageSize=10&search","ip":"::1","level":"info","message":"Authentication Attempt","method":"GET","timestamp":"2025-03-07 13:06:28","userEmail":"N/A"}
{"body":{},"level":"warn","message":"Unauthorized: Invalid token","method":"GET","params":{},"path":"/products","stack":"UnauthorizedError: Invalid token\n    at handleAxiosError (/Users/yash/Desktop/Excollo-Projects/Crudo-OMS/backend/src/services/inventoryService.js:45:15)\n    at Object.fetchProductList (/Users/yash/Desktop/Excollo-Projects/Crudo-OMS/backend/src/services/inventoryService.js:22:9)\n    at process.processTicksAndRejections (node:internal/process/task_queues:95:5)\n    at async getProductList (/Users/yash/Desktop/Excollo-Projects/Crudo-OMS/backend/src/controllers/inventoryController.js:9:23)","timestamp":"2025-03-07 13:06:28"}
{"endpoint":"/api/inventory/products?pageNo=1&pageSize=10&search","ip":"::1","level":"info","message":"Authentication Attempt","method":"GET","timestamp":"2025-03-07 13:06:56","userEmail":"N/A"}
{"body":{},"level":"warn","message":"Unauthorized: Invalid token","method":"GET","params":{},"path":"/products","stack":"UnauthorizedError: Invalid token\n    at handleAxiosError (/Users/yash/Desktop/Excollo-Projects/Crudo-OMS/backend/src/services/inventoryService.js:45:15)\n    at Object.fetchProductList (/Users/yash/Desktop/Excollo-Projects/Crudo-OMS/backend/src/services/inventoryService.js:22:9)\n    at process.processTicksAndRejections (node:internal/process/task_queues:95:5)\n    at async getProductList (/Users/yash/Desktop/Excollo-Projects/Crudo-OMS/backend/src/controllers/inventoryController.js:9:23)","timestamp":"2025-03-07 13:06:56"}
{"endpoint":"/api/inventory/products?pageNo=1&pageSize=10&search","ip":"::1","level":"info","message":"Authentication Attempt","method":"GET","timestamp":"2025-03-07 13:07:30","userEmail":"N/A"}
{"body":{},"level":"warn","message":"Unauthorized: Invalid token","method":"GET","params":{},"path":"/products","stack":"UnauthorizedError: Invalid token\n    at handleAxiosError (/Users/yash/Desktop/Excollo-Projects/Crudo-OMS/backend/src/services/inventoryService.js:45:15)\n    at Object.fetchProductList (/Users/yash/Desktop/Excollo-Projects/Crudo-OMS/backend/src/services/inventoryService.js:22:9)\n    at process.processTicksAndRejections (node:internal/process/task_queues:95:5)\n    at async getProductList (/Users/yash/Desktop/Excollo-Projects/Crudo-OMS/backend/src/controllers/inventoryController.js:9:23)","timestamp":"2025-03-07 13:07:30"}
{"endpoint":"/api/auth/signin","ip":"::1","level":"info","message":"Authentication Attempt","method":"POST","timestamp":"2025-03-07 13:10:47","userEmail":"hellowoorlld@gmail.com"}
{"level":"info","message":"User logged in: hellowoorlld@gmail.com","timestamp":"2025-03-07 13:10:47","userId":"67ca9b4cc317626d8e655406"}
{"endpoint":"/api/inventory/products?pageNo=1&pageSize=10&search","ip":"::1","level":"info","message":"Authentication Attempt","method":"GET","timestamp":"2025-03-07 13:11:51","userEmail":"N/A"}
{"body":{},"level":"warn","message":"Unauthorized: Invalid token","method":"GET","params":{},"path":"/products","stack":"UnauthorizedError: Invalid token\n    at handleAxiosError (/Users/yash/Desktop/Excollo-Projects/Crudo-OMS/backend/src/services/inventoryService.js:45:15)\n    at Object.fetchProductList (/Users/yash/Desktop/Excollo-Projects/Crudo-OMS/backend/src/services/inventoryService.js:22:9)\n    at process.processTicksAndRejections (node:internal/process/task_queues:95:5)\n    at async getProductList (/Users/yash/Desktop/Excollo-Projects/Crudo-OMS/backend/src/controllers/inventoryController.js:9:23)","timestamp":"2025-03-07 13:11:51"}
{"endpoint":"/api/inventory/products?pageNo=1&pageSize=10&search","ip":"::1","level":"info","message":"Authentication Attempt","method":"GET","timestamp":"2025-03-07 13:16:52","userEmail":"N/A"}
{"endpoint":"/api/inventory/products?pageNo=1&pageSize=1&search","ip":"::1","level":"info","message":"Authentication Attempt","method":"GET","timestamp":"2025-03-07 13:17:21","userEmail":"N/A"}
{"endpoint":"/api/inventory/products?id=10000167","ip":"::1","level":"info","message":"Authentication Attempt","method":"GET","timestamp":"2025-03-07 13:17:55","userEmail":"N/A"}
{"endpoint":"/api/auth/signup","ip":"::1","level":"info","message":"Authentication Attempt","method":"POST","timestamp":"2025-03-07 13:53:24","userEmail":"hellowojdsfksorlld@gmail.com"}
{"level":"info","message":"User signed up: hellowojdsfksorlld@gmail.com","timestamp":"2025-03-07 13:53:24"}
{"endpoint":"/api/auth/signin","ip":"::1","level":"info","message":"Authentication Attempt","method":"POST","timestamp":"2025-03-07 13:53:33","userEmail":"hellowojdsfksorlld@gmail.com"}
{"level":"info","message":"User logged in: hellowojdsfksorlld@gmail.com","timestamp":"2025-03-07 13:53:33"}
{"body":{"refreshToken":"eyJhbGciOiJIUzI1NiIsInR5cCI6IkpXVCJ9.eyJpZCI6IjY3Y2FhY2ZjYTdlOWFkMTVmZWNiMDZiNyIsImlhdCI6MTc0MTMzNTgxMywiZXhwIjoxNzQxOTQwNjEzfQ.LvUJoTRd8VjUBNPJogY-QZ2fI9laiJK1rllzbLPPYu8"},"level":"warn","message":"Unauthorized: Invalid refresh token","method":"POST","params":{},"path":"/refresh-token","stack":"UnauthorizedError: Invalid refresh token\n    at Object.refreshToken (/Users/yash/Desktop/Excollo-Projects/Crudo-OMS/backend/src/services/authService.js:91:11)\n    at process.processTicksAndRejections (node:internal/process/task_queues:95:5)\n    at async refreshToken (/Users/yash/Desktop/Excollo-Projects/Crudo-OMS/backend/src/controllers/authController.js:103:20)","timestamp":"2025-03-07 13:54:33"}
{"endpoint":"/api/auth/request-password-reset","ip":"::1","level":"info","message":"Authentication Attempt","method":"POST","timestamp":"2025-03-07 14:01:22","userEmail":"hellowojdsfksorlld@gmail.com"}
{"body":{"email":"hellowojdsfksorlld@gmail.com"},"level":"error","message":"Unhandled Server Error: sanitizeRequest is not a function","method":"POST","params":{},"path":"/request-password-reset","stack":"TypeError: sanitizeRequest is not a function\n    at Object.requestPasswordReset (/Users/yash/Desktop/Excollo-Projects/Crudo-OMS/backend/src/services/authService.js:116:3)\n    at requestPasswordReset (/Users/yash/Desktop/Excollo-Projects/Crudo-OMS/backend/src/controllers/authController.js:133:23)\n    at Layer.handle [as handle_request] (/Users/yash/Desktop/Excollo-Projects/Crudo-OMS/backend/node_modules/express/lib/router/layer.js:95:5)\n    at next (/Users/yash/Desktop/Excollo-Projects/Crudo-OMS/backend/node_modules/express/lib/router/route.js:149:13)\n    at logActivity (/Users/yash/Desktop/Excollo-Projects/Crudo-OMS/backend/src/loggers/appLogger.js:48:3)\n    at Layer.handle [as handle_request] (/Users/yash/Desktop/Excollo-Projects/Crudo-OMS/backend/node_modules/express/lib/router/layer.js:95:5)\n    at next (/Users/yash/Desktop/Excollo-Projects/Crudo-OMS/backend/node_modules/express/lib/router/route.js:149:13)\n    at /Users/yash/Desktop/Excollo-Projects/Crudo-OMS/backend/src/sanitize/sanitize.js:28:5\n    at Layer.handle [as handle_request] (/Users/yash/Desktop/Excollo-Projects/Crudo-OMS/backend/node_modules/express/lib/router/layer.js:95:5)\n    at next (/Users/yash/Desktop/Excollo-Projects/Crudo-OMS/backend/node_modules/express/lib/router/route.js:149:13)","timestamp":"2025-03-07 14:01:22"}
{"endpoint":"/api/auth/signup","ip":"::1","level":"info","message":"Authentication Attempt","method":"POST","timestamp":"2025-03-07 15:06:13","userEmail":"hellowojdsfksorlld@gmail.com"}
{"body":{"email":"hellowojdsfksorlld@gmail.com","fullName":"hello","password":"helloworld","role":"admin"},"level":"error","message":"[ConflictError] User already exists","method":"POST","params":{},"path":"/signup","stack":"ConflictError: User already exists\n    at Object.signup (/Users/yash/Desktop/Excollo-Projects/Crudo-OMS/backend/src/services/authService.js:18:25)\n    at process.processTicksAndRejections (node:internal/process/task_queues:95:5)\n    at async signup (/Users/yash/Desktop/Excollo-Projects/Crudo-OMS/backend/src/controllers/authController.js:10:18)","timestamp":"2025-03-07 15:06:13"}
{"endpoint":"/api/auth/signup","ip":"::1","level":"info","message":"Authentication Attempt","method":"POST","timestamp":"2025-03-07 15:06:20","userEmail":"hellowojdjsfksorlld@gmail.com"}
{"level":"info","message":"User signed up: hellowojdjsfksorlld@gmail.com","timestamp":"2025-03-07 15:06:20"}
{"endpoint":"/api/auth/signin","ip":"::1","level":"info","message":"Authentication Attempt","method":"POST","timestamp":"2025-03-07 15:06:29","userEmail":"hellowojdjsfksorlld@gmail.com"}
{"level":"info","message":"User logged in: hellowojdjsfksorlld@gmail.com","timestamp":"2025-03-07 15:06:29"}
{"endpoint":"/api/inventory/products","ip":"::1","level":"info","message":"Authentication Attempt","method":"GET","timestamp":"2025-03-07 15:07:46","userEmail":"hellowojdjsfksorlld@gmail.com"}
{"endpoint":"/api/inventory/products?id=10000234","ip":"::1","level":"info","message":"Authentication Attempt","method":"GET","timestamp":"2025-03-07 15:08:12","userEmail":"hellowojdjsfksorlld@gmail.com"}
{"endpoint":"/api/inventory/products?id=10000234","ip":"::1","level":"info","message":"Authentication Attempt","method":"GET","timestamp":"2025-03-07 15:09:17","userEmail":"hellowojdjsfksorlld@gmail.com"}
{"endpoint":"/api/inventory/products?id=10000234","ip":"::1","level":"info","message":"Authentication Attempt","method":"GET","timestamp":"2025-03-07 15:10:32","userEmail":"hellowojdjsfksorlld@gmail.com"}
{"endpoint":"/api/auth/request-password-reset","ip":"::1","level":"info","message":"Authentication Attempt","method":"POST","timestamp":"2025-03-07 15:14:19","userEmail":"hellowojdjsfksorlld@gmail.com"}
{"body":{"email":"hellowojdjsfksorlld@gmail.com"},"level":"error","message":"Unhandled Server Error: sanitizeRequest is not a function","method":"POST","params":{},"path":"/request-password-reset","stack":"TypeError: sanitizeRequest is not a function\n    at Object.requestPasswordReset (/Users/yash/Desktop/Excollo-Projects/Crudo-OMS/backend/src/services/authService.js:116:3)\n    at requestPasswordReset (/Users/yash/Desktop/Excollo-Projects/Crudo-OMS/backend/src/controllers/authController.js:133:23)\n    at Layer.handle [as handle_request] (/Users/yash/Desktop/Excollo-Projects/Crudo-OMS/backend/node_modules/express/lib/router/layer.js:95:5)\n    at next (/Users/yash/Desktop/Excollo-Projects/Crudo-OMS/backend/node_modules/express/lib/router/route.js:149:13)\n    at logActivity (/Users/yash/Desktop/Excollo-Projects/Crudo-OMS/backend/src/loggers/appLogger.js:48:3)\n    at Layer.handle [as handle_request] (/Users/yash/Desktop/Excollo-Projects/Crudo-OMS/backend/node_modules/express/lib/router/layer.js:95:5)\n    at next (/Users/yash/Desktop/Excollo-Projects/Crudo-OMS/backend/node_modules/express/lib/router/route.js:149:13)\n    at /Users/yash/Desktop/Excollo-Projects/Crudo-OMS/backend/src/sanitize/sanitize.js:28:5\n    at Layer.handle [as handle_request] (/Users/yash/Desktop/Excollo-Projects/Crudo-OMS/backend/node_modules/express/lib/router/layer.js:95:5)\n    at next (/Users/yash/Desktop/Excollo-Projects/Crudo-OMS/backend/node_modules/express/lib/router/route.js:149:13)","timestamp":"2025-03-07 15:14:19"}
{"endpoint":"/api/auth/request-password-reset","ip":"::1","level":"info","message":"Authentication Attempt","method":"POST","timestamp":"2025-03-07 15:29:38","userEmail":"hellowojdjsfksorlld@gmail.com"}
{"body":{"email":"hellowojdjsfksorlld@gmail.com"},"level":"error","message":"Unhandled Server Error: emailSanitization is not a function","method":"POST","params":{},"path":"/request-password-reset","stack":"TypeError: emailSanitization is not a function\n    at Object.requestPasswordReset (/Users/yash/Desktop/Excollo-Projects/Crudo-OMS/backend/src/services/authService.js:116:3)\n    at requestPasswordReset (/Users/yash/Desktop/Excollo-Projects/Crudo-OMS/backend/src/controllers/authController.js:133:23)\n    at Layer.handle [as handle_request] (/Users/yash/Desktop/Excollo-Projects/Crudo-OMS/backend/node_modules/express/lib/router/layer.js:95:5)\n    at next (/Users/yash/Desktop/Excollo-Projects/Crudo-OMS/backend/node_modules/express/lib/router/route.js:149:13)\n    at logActivity (/Users/yash/Desktop/Excollo-Projects/Crudo-OMS/backend/src/loggers/appLogger.js:48:3)\n    at Layer.handle [as handle_request] (/Users/yash/Desktop/Excollo-Projects/Crudo-OMS/backend/node_modules/express/lib/router/layer.js:95:5)\n    at next (/Users/yash/Desktop/Excollo-Projects/Crudo-OMS/backend/node_modules/express/lib/router/route.js:149:13)\n    at /Users/yash/Desktop/Excollo-Projects/Crudo-OMS/backend/src/sanitize/sanitize.js:28:5\n    at Layer.handle [as handle_request] (/Users/yash/Desktop/Excollo-Projects/Crudo-OMS/backend/node_modules/express/lib/router/layer.js:95:5)\n    at next (/Users/yash/Desktop/Excollo-Projects/Crudo-OMS/backend/node_modules/express/lib/router/route.js:149:13)","timestamp":"2025-03-07 15:29:38"}
{"endpoint":"/api/auth/request-password-reset","ip":"::1","level":"info","message":"Authentication Attempt","method":"POST","timestamp":"2025-03-07 15:34:20","userEmail":"hellowojdjsfksorlld@gmail.com"}
{"body":{"email":"hellowojdjsfksorlld@gmail.com"},"level":"error","message":"Unhandled Server Error: The \"password\" argument must be of type string or an instance of ArrayBuffer, Buffer, TypedArray, or DataView. Received undefined","method":"POST","params":{},"path":"/request-password-reset","stack":"TypeError [ERR_INVALID_ARG_TYPE]: The \"password\" argument must be of type string or an instance of ArrayBuffer, Buffer, TypedArray, or DataView. Received undefined\n    at Cipher.createCipher (node:internal/crypto/cipher:131:14)\n    at new Cipher (node:internal/crypto/cipher:153:3)\n    at Object.createCipher (node:crypto:137:10)\n    at Object.deprecated (node:internal/util:176:12)\n    at Object.requestPasswordReset (/Users/yash/Desktop/Excollo-Projects/Crudo-OMS/backend/src/services/authService.js:128:6)\n    at process.processTicksAndRejections (node:internal/process/task_queues:95:5)\n    at async requestPasswordReset (/Users/yash/Desktop/Excollo-Projects/Crudo-OMS/backend/src/controllers/authController.js:133:5)","timestamp":"2025-03-07 15:34:20"}
{"endpoint":"/api/auth/request-password-reset","ip":"::1","level":"info","message":"Authentication Attempt","method":"POST","timestamp":"2025-03-07 15:37:24","userEmail":"hellowojdjsfksorlld@gmail.com"}
{"body":{"email":"hellowojdjsfksorlld@gmail.com"},"level":"error","message":"Unhandled Server Error: SECRET_KEY is not defined in environment variables","method":"POST","params":{},"path":"/request-password-reset","stack":"Error: SECRET_KEY is not defined in environment variables\n    at Object.requestPasswordReset (/Users/yash/Desktop/Excollo-Projects/Crudo-OMS/backend/src/services/authService.js:129:11)\n    at process.processTicksAndRejections (node:internal/process/task_queues:95:5)\n    at async requestPasswordReset (/Users/yash/Desktop/Excollo-Projects/Crudo-OMS/backend/src/controllers/authController.js:133:5)","timestamp":"2025-03-07 15:37:24"}
{"endpoint":"/api/auth/request-password-reset","ip":"::1","level":"info","message":"Authentication Attempt","method":"POST","timestamp":"2025-03-07 15:38:36","userEmail":"hellowojdjsfksorlld@gmail.com"}
{"body":{"email":"hellowojdjsfksorlld@gmail.com"},"level":"error","message":"Unhandled Server Error: SECRET_KEY is not defined in environment variables","method":"POST","params":{},"path":"/request-password-reset","stack":"Error: SECRET_KEY is not defined in environment variables\n    at Object.requestPasswordReset (/Users/yash/Desktop/Excollo-Projects/Crudo-OMS/backend/src/services/authService.js:129:11)\n    at process.processTicksAndRejections (node:internal/process/task_queues:95:5)\n    at async requestPasswordReset (/Users/yash/Desktop/Excollo-Projects/Crudo-OMS/backend/src/controllers/authController.js:133:5)","timestamp":"2025-03-07 15:38:36"}
{"endpoint":"/api/auth/request-password-reset","ip":"::1","level":"info","message":"Authentication Attempt","method":"POST","timestamp":"2025-03-07 15:38:43","userEmail":"hellowojdjsfksorlld@gmail.com"}
{"level":"info","message":"Password reset link sent to hellowojdjsfksorlld@gmail.com","timestamp":"2025-03-07 15:38:46"}
{"endpoint":"/api/auth/reset-password","ip":"::1","level":"info","message":"Authentication Attempt","method":"POST","timestamp":"2025-03-07 15:40:38","userEmail":"N/A"}
{"body":{"newPassword":"kdjsfhaskdljfhalsdk","token":"17fc096c2b94e80f8876244bf7ff71f5:0fb4b1ad9e007d3dcde2ff61d6c2db13066112e67d85ac6b34c2e69919c9e4bf62975b36c86d9c83fc2a970bc88663f457d80a7dcc618a60ab6951d96e6d4b379dfea3b0e94e6765be1344e5361cb477"},"level":"error","message":"[BadRequestError] Invalid or expired token","method":"POST","params":{},"path":"/reset-password","stack":"BadRequestError: Invalid or expired token\n    at Object.resetPassword (/Users/yash/Desktop/Excollo-Projects/Crudo-OMS/backend/src/services/authService.js:168:20)\n    at process.processTicksAndRejections (node:internal/process/task_queues:95:5)\n    at async resetPassword (/Users/yash/Desktop/Excollo-Projects/Crudo-OMS/backend/src/controllers/authController.js:149:5)","timestamp":"2025-03-07 15:40:38"}
